AF_20210923-113002
AX_20210923-113211
AL_20210923-113423
DZ_20210923-113633
AS_20210923-113840
AD_20210923-114050
AO_20210923-114259
AI_20210923-114509
AQ_20210923-114720
AG_20210923-114929
AR_20210923-115142
AM_20210923-115348
AW_20210923-115556
AU_20210923-115805
AT_20210923-120019
AZ_20210923-120235
BS_20210923-120448
BH_20210923-120704
BD_20210923-120916
BB_20210923-121125
BY_20210923-121341
BE_20210923-121550
BZ_20210923-121757
BJ_20210923-122013
BM_20210923-122225
BT_20210923-122437
BO_20210923-122648
BQ_20210923-122855
BA_20210923-123107
BW_20210923-123311
BV_20210923-123524
BR_20210923-123735
IO_20210923-123940
BN_20210923-124151
BG_20210923-124403
BF_20210923-124608
BI_20210923-124818
CV_20210923-125030
KH_20210923-125239
CM_20210923-125445
CA_20210923-125653
KY_20210923-125858
CF_20210923-130117
TD_20210923-130333
CL_20210923-130552
CN_20210923-130801
CX_20210923-131009
CC_20210923-131225
CO_20210923-131438
KM_20210923-131645
CG_20210923-131901
CD_20210923-132116
CK_20210923-132330
CR_20210923-132543
CI_20210923-132749
HR_20210923-132959
CU_20210923-133207
CW_20210923-133415
CY_20210923-133626
CZ_20210923-133835
DK_20210923-134043
DJ_20210923-134249
DM_20210923-134501
DO_20210923-134713
EC_20210923-134920
EG_20210923-135125
SV_20210923-135331
GQ_20210923-135537
ER_20210923-135747
EE_20210923-140001
ET_20210923-140219
FK_20210923-140436
FO_20210923-140653
FJ_20210923-140908
FI_20210923-141122
FR_20210923-141334
GF_20210923-141540
PF_20210923-141753
TF_20210923-142008
GA_20210923-142222
GM_20210923-142437
GE_20210923-142652
DE_20210923-142901
GH_20210923-143107
GI_20210923-143320
GR_20210923-143533
GL_20210923-143740
GD_20210923-143951
GP_20210923-144203
GU_20210923-144413
GT_20210923-144627
GG_20210923-144837
GN_20210923-145049
GW_20210923-145302
GY_20210923-145515
HT_20210923-145727
HM_20210923-145940
VA_20210923-150158
HN_20210923-150414
HK_20210923-150625
HU_20210923-150832
IS_20210923-151040
IN_20210923-151255
ID_20210923-151503
IR_20210923-151711
IQ_20210923-151920
IE_20210923-152129
IM_20210923-152338
IL_20210923-152553
IT_20210923-152801
JM_20210923-153005
JP_20210923-153213
JE_20210923-153420
JO_20210923-153631
KZ_20210923-153839
KE_20210923-154048
KI_20210923-154301
KP_20210923-154513
KR_20210923-154723
KW_20210923-154928
KG_20210923-155136
LA_20210923-155344
LV_20210923-155555
LB_20210923-155807
LS_20210923-160019
LR_20210923-160239
LY_20210923-160457
LI_20210923-160712
LT_20210923-160929
LU_20210923-161143
MO_20210923-161354
MK_20210923-161605
MG_20210923-161816
MW_20210923-162030
MY_20210923-162244
MV_20210923-162451
ML_20210923-162701
MT_20210923-162914
MH_20210923-163125
MQ_20210923-163336
MR_20210923-163547
MU_20210923-163759
YT_20210923-164009
MX_20210923-164221
FM_20210923-164427
MD_20210923-164640
MC_20210923-164847
MN_20210923-165058
ME_20210923-165309
MS_20210923-165521
MA_20210923-165731
MZ_20210923-165941
MM_20210923-170201
NA_20210923-170417
NR_20210923-170633
NP_20210923-170849
NL_20210923-171059
NC_20210923-171307
NZ_20210923-171519
NI_20210923-171729
NE_20210923-171938
NG_20210923-172150
NU_20210923-172403
NF_20210923-172615
MP_20210923-172826
NO_20210923-173038
OM_20210923-173248
PK_20210923-173458
PW_20210923-173705
PS_20210923-173918
PA_20210923-174127
PG_20210923-174337
PY_20210923-174550
PE_20210923-174758
PH_20210923-175004
PN_20210923-175211
PL_20210923-175423
PT_20210923-175630
PR_20210923-175836
QA_20210923-180048
RE_20210923-180305
RO_20210923-180520
RU_20210923-180729
RW_20210923-180936
BL_20210923-181154
SH_20210923-181409
KN_20210923-181625
LC_20210923-181840
MF_20210923-182053
PM_20210923-182306
VC_20210923-182518
WS_20210923-182731
SM_20210923-182943
ST_20210923-183155
SA_20210923-183406
SN_20210923-183613
RS_20210923-183825
SC_20210923-184030
SL_20210923-184244
SG_20210923-184456
SX_20210923-184702
SK_20210923-184914
SI_20210923-185120
SB_20210923-185329
SO_20210923-185541
ZA_20210923-185754
GS_20210923-190004
SS_20210923-190005
ES_20210923-190223
LK_20210923-190429
SD_20210923-190641
SR_20210923-190855
SJ_20210923-191112
SZ_20210923-191328
SE_20210923-191543
CH_20210923-191754
SY_20210923-192003
TW_20210923-192211
TJ_20210923-192418
TZ_20210923-192633
TH_20210923-192847
TL_20210923-193056
TG_20210923-193308
TK_20210923-193521
TO_20210923-193733
TT_20210923-193946
TN_20210923-194156
TR_20210923-194405
TM_20210923-194612
TC_20210923-194824
TV_20210923-195034
UG_20210923-195246
UA_20210923-195457
AE_20210923-195704
GB_20210923-195909
US_20210923-200122
UM_20210923-200330
UY_20210923-200546
UZ_20210923-200759
VU_20210923-201009
VE_20210923-201221
VN_20210923-201428
VG_20210923-201637
VI_20210923-201850
WF_20210923-202103
EH_20210923-202312
YE_20210923-202522
ZM_20210923-202731
ZW_20210923-202941
